  GenTests.cc
C:\Users\kosty\OneDrive\Документы\GitHub\LabPM-1\LabPM\GenTests.cc(77,46): warning C4018: '<': signed/unsigned mismatch
C:\Users\kosty\OneDrive\Документы\GitHub\LabPM-1\LabPM\GenTests.cc(95,46): warning C4018: '<': signed/unsigned mismatch
C:\Users\kosty\OneDrive\Документы\GitHub\LabPM-1\LabPM\GenTests.cc(97,13): warning C4244: 'initializing': conversion from 'double' to 'int', possible loss of data
C:\Users\kosty\OneDrive\Документы\GitHub\LabPM-1\LabPM\GenTests.cc(116,46): warning C4018: '<': signed/unsigned mismatch
C:\Users\kosty\OneDrive\Документы\GitHub\LabPM-1\LabPM\GenTests.cc(135,46): warning C4018: '<': signed/unsigned mismatch
  LabPM.cpp
C:\Users\kosty\OneDrive\Документы\GitHub\LabPM-1\LabPM\LabPM.cpp(6,15): warning C4244: 'argument': conversion from 'time_t' to 'unsigned int', possible loss of data
  Test.cc
C:\Users\kosty\OneDrive\Документы\GitHub\LabPM-1\LabPM\Test.cc(117,53): warning C4267: 'initializing': conversion from 'size_t' to 'int', possible loss of data
C:\Users\kosty\OneDrive\Документы\GitHub\LabPM-1\LabPM\Test.cc(121,12): warning C4834: discarding return value of function with 'nodiscard' attribute
C:\Users\kosty\OneDrive\Документы\GitHub\LabPM-1\LabPM\Test.cc(123,49): warning C4267: 'argument': conversion from 'size_t' to 'int', possible loss of data
C:\Users\kosty\OneDrive\Документы\GitHub\LabPM-1\LabPM\Test.cc(127,12): warning C4834: discarding return value of function with 'nodiscard' attribute
C:\Users\kosty\OneDrive\Документы\GitHub\LabPM-1\LabPM\Test.cc(129,48): warning C4267: 'argument': conversion from 'size_t' to 'int', possible loss of data
C:\Users\kosty\OneDrive\Документы\GitHub\LabPM-1\LabPM\Test.cc(133,12): warning C4834: discarding return value of function with 'nodiscard' attribute
C:\Users\kosty\OneDrive\Документы\GitHub\LabPM-1\LabPM\Test.cc(135,49): warning C4267: 'argument': conversion from 'size_t' to 'int', possible loss of data
C:\Users\kosty\OneDrive\Документы\GitHub\LabPM-1\LabPM\Test.cc(145,49): warning C4267: 'argument': conversion from 'size_t' to 'int', possible loss of data
C:\Users\kosty\OneDrive\Документы\GitHub\LabPM-1\LabPM\Test.cc(149,48): warning C4267: 'argument': conversion from 'size_t' to 'int', possible loss of data
C:\Users\kosty\OneDrive\Документы\GitHub\LabPM-1\LabPM\Test.cc(153,49): warning C4267: 'argument': conversion from 'size_t' to 'int', possible loss of data
C:\Users\kosty\OneDrive\Документы\GitHub\LabPM-1\LabPM\Test.cc(160,35): warning C4267: 'initializing': conversion from 'size_t' to 'int', possible loss of data
C:\Users\kosty\OneDrive\Документы\GitHub\LabPM-1\LabPM\Test.cc(160,35): warning C4267: 'initializing': conversion from 'size_t' to 'const int', possible loss of data
C:\Users\kosty\OneDrive\Документы\GitHub\LabPM-1\LabPM\Test.cc(185,35): warning C4267: 'initializing': conversion from 'size_t' to 'int', possible loss of data
C:\Users\kosty\OneDrive\Документы\GitHub\LabPM-1\LabPM\Test.cc(185,35): warning C4267: 'initializing': conversion from 'size_t' to 'const int', possible loss of data
C:\Users\kosty\OneDrive\Документы\GitHub\LabPM-1\LabPM\Test.cc(220,50): warning C4267: 'argument': conversion from 'size_t' to 'int', possible loss of data
C:\Users\kosty\OneDrive\Документы\GitHub\LabPM-1\LabPM\Test.cc(231,58): warning C4267: 'argument': conversion from 'size_t' to 'int', possible loss of data
C:\Users\kosty\OneDrive\Документы\GitHub\LabPM-1\LabPM\Test.cc(238,49): warning C4267: 'argument': conversion from 'size_t' to 'int', possible loss of data
C:\Users\kosty\OneDrive\Документы\GitHub\LabPM-1\LabPM\Test.cc(245,50): warning C4267: 'argument': conversion from 'size_t' to 'int', possible loss of data
C:\Users\kosty\OneDrive\Документы\GitHub\LabPM-1\LabPM\Test.cc(258,50): warning C4267: 'argument': conversion from 'size_t' to 'int', possible loss of data
C:\Users\kosty\OneDrive\Документы\GitHub\LabPM-1\LabPM\Test.cc(265,58): warning C4267: 'argument': conversion from 'size_t' to 'int', possible loss of data
C:\Users\kosty\OneDrive\Документы\GitHub\LabPM-1\LabPM\Test.cc(272,49): warning C4267: 'argument': conversion from 'size_t' to 'int', possible loss of data
C:\Users\kosty\OneDrive\Документы\GitHub\LabPM-1\LabPM\Test.cc(279,50): warning C4267: 'argument': conversion from 'size_t' to 'int', possible loss of data
C:\Users\kosty\OneDrive\Документы\GitHub\LabPM-1\LabPM\Test.cc(287,53): warning C4267: 'initializing': conversion from 'size_t' to 'int', possible loss of data
C:\Users\kosty\OneDrive\Документы\GitHub\LabPM-1\LabPM\Test.cc(291,12): warning C4834: discarding return value of function with 'nodiscard' attribute
C:\Users\kosty\OneDrive\Документы\GitHub\LabPM-1\LabPM\Test.cc(293,48): warning C4267: 'argument': conversion from 'size_t' to 'int', possible loss of data
C:\Users\kosty\OneDrive\Документы\GitHub\LabPM-1\LabPM\Test.cc(297,12): warning C4834: discarding return value of function with 'nodiscard' attribute
C:\Users\kosty\OneDrive\Документы\GitHub\LabPM-1\LabPM\Test.cc(299,47): warning C4267: 'argument': conversion from 'size_t' to 'int', possible loss of data
C:\Users\kosty\OneDrive\Документы\GitHub\LabPM-1\LabPM\Test.cc(303,12): warning C4834: discarding return value of function with 'nodiscard' attribute
C:\Users\kosty\OneDrive\Документы\GitHub\LabPM-1\LabPM\Test.cc(305,48): warning C4267: 'argument': conversion from 'size_t' to 'int', possible loss of data
C:\Users\kosty\OneDrive\Документы\GitHub\LabPM-1\LabPM\Test.cc(315,48): warning C4267: 'argument': conversion from 'size_t' to 'int', possible loss of data
C:\Users\kosty\OneDrive\Документы\GitHub\LabPM-1\LabPM\Test.cc(319,47): warning C4267: 'argument': conversion from 'size_t' to 'int', possible loss of data
C:\Users\kosty\OneDrive\Документы\GitHub\LabPM-1\LabPM\Test.cc(323,48): warning C4267: 'argument': conversion from 'size_t' to 'int', possible loss of data
C:\Users\kosty\OneDrive\Документы\GitHub\LabPM-1\LabPM\Test.cc(330,35): warning C4267: 'initializing': conversion from 'size_t' to 'int', possible loss of data
C:\Users\kosty\OneDrive\Документы\GitHub\LabPM-1\LabPM\Test.cc(330,35): warning C4267: 'initializing': conversion from 'size_t' to 'const int', possible loss of data
C:\Users\kosty\OneDrive\Документы\GitHub\LabPM-1\LabPM\Test.cc(355,35): warning C4267: 'initializing': conversion from 'size_t' to 'int', possible loss of data
C:\Users\kosty\OneDrive\Документы\GitHub\LabPM-1\LabPM\Test.cc(355,35): warning C4267: 'initializing': conversion from 'size_t' to 'const int', possible loss of data
C:\Users\kosty\OneDrive\Документы\GitHub\LabPM-1\LabPM\Test.cc(390,49): warning C4267: 'argument': conversion from 'size_t' to 'int', possible loss of data
C:\Users\kosty\OneDrive\Документы\GitHub\LabPM-1\LabPM\Test.cc(401,57): warning C4267: 'argument': conversion from 'size_t' to 'int', possible loss of data
C:\Users\kosty\OneDrive\Документы\GitHub\LabPM-1\LabPM\Test.cc(408,48): warning C4267: 'argument': conversion from 'size_t' to 'int', possible loss of data
C:\Users\kosty\OneDrive\Документы\GitHub\LabPM-1\LabPM\Test.cc(415,49): warning C4267: 'argument': conversion from 'size_t' to 'int', possible loss of data
C:\Users\kosty\OneDrive\Документы\GitHub\LabPM-1\LabPM\Test.cc(428,49): warning C4267: 'argument': conversion from 'size_t' to 'int', possible loss of data
C:\Users\kosty\OneDrive\Документы\GitHub\LabPM-1\LabPM\Test.cc(435,57): warning C4267: 'argument': conversion from 'size_t' to 'int', possible loss of data
C:\Users\kosty\OneDrive\Документы\GitHub\LabPM-1\LabPM\Test.cc(442,48): warning C4267: 'argument': conversion from 'size_t' to 'int', possible loss of data
C:\Users\kosty\OneDrive\Документы\GitHub\LabPM-1\LabPM\Test.cc(449,49): warning C4267: 'argument': conversion from 'size_t' to 'int', possible loss of data
C:\Users\kosty\OneDrive\Документы\GitHub\LabPM-1\LabPM\Test.cc(457,52): warning C4267: 'initializing': conversion from 'size_t' to 'int', possible loss of data
C:\Users\kosty\OneDrive\Документы\GitHub\LabPM-1\LabPM\Test.cc(461,12): warning C4834: discarding return value of function with 'nodiscard' attribute
C:\Users\kosty\OneDrive\Документы\GitHub\LabPM-1\LabPM\Test.cc(463,51): warning C4267: 'argument': conversion from 'size_t' to 'int', possible loss of data
C:\Users\kosty\OneDrive\Документы\GitHub\LabPM-1\LabPM\Test.cc(467,12): warning C4834: discarding return value of function with 'nodiscard' attribute
C:\Users\kosty\OneDrive\Документы\GitHub\LabPM-1\LabPM\Test.cc(469,50): warning C4267: 'argument': conversion from 'size_t' to 'int', possible loss of data
C:\Users\kosty\OneDrive\Документы\GitHub\LabPM-1\LabPM\Test.cc(473,12): warning C4834: discarding return value of function with 'nodiscard' attribute
C:\Users\kosty\OneDrive\Документы\GitHub\LabPM-1\LabPM\Test.cc(475,51): warning C4267: 'argument': conversion from 'size_t' to 'int', possible loss of data
C:\Users\kosty\OneDrive\Документы\GitHub\LabPM-1\LabPM\Test.cc(485,51): warning C4267: 'argument': conversion from 'size_t' to 'int', possible loss of data
C:\Users\kosty\OneDrive\Документы\GitHub\LabPM-1\LabPM\Test.cc(489,50): warning C4267: 'argument': conversion from 'size_t' to 'int', possible loss of data
C:\Users\kosty\OneDrive\Документы\GitHub\LabPM-1\LabPM\Test.cc(493,51): warning C4267: 'argument': conversion from 'size_t' to 'int', possible loss of data
C:\Users\kosty\OneDrive\Документы\GitHub\LabPM-1\LabPM\Test.cc(500,35): warning C4267: 'initializing': conversion from 'size_t' to 'int', possible loss of data
C:\Users\kosty\OneDrive\Документы\GitHub\LabPM-1\LabPM\Test.cc(500,35): warning C4267: 'initializing': conversion from 'size_t' to 'const int', possible loss of data
C:\Users\kosty\OneDrive\Документы\GitHub\LabPM-1\LabPM\Test.cc(525,35): warning C4267: 'initializing': conversion from 'size_t' to 'int', possible loss of data
C:\Users\kosty\OneDrive\Документы\GitHub\LabPM-1\LabPM\Test.cc(525,35): warning C4267: 'initializing': conversion from 'size_t' to 'const int', possible loss of data
C:\Users\kosty\OneDrive\Документы\GitHub\LabPM-1\LabPM\Test.cc(560,52): warning C4267: 'argument': conversion from 'size_t' to 'int', possible loss of data
C:\Users\kosty\OneDrive\Документы\GitHub\LabPM-1\LabPM\Test.cc(571,60): warning C4267: 'argument': conversion from 'size_t' to 'int', possible loss of data
C:\Users\kosty\OneDrive\Документы\GitHub\LabPM-1\LabPM\Test.cc(578,51): warning C4267: 'argument': conversion from 'size_t' to 'int', possible loss of data
C:\Users\kosty\OneDrive\Документы\GitHub\LabPM-1\LabPM\Test.cc(585,52): warning C4267: 'argument': conversion from 'size_t' to 'int', possible loss of data
C:\Users\kosty\OneDrive\Документы\GitHub\LabPM-1\LabPM\Test.cc(598,52): warning C4267: 'argument': conversion from 'size_t' to 'int', possible loss of data
C:\Users\kosty\OneDrive\Документы\GitHub\LabPM-1\LabPM\Test.cc(605,60): warning C4267: 'argument': conversion from 'size_t' to 'int', possible loss of data
C:\Users\kosty\OneDrive\Документы\GitHub\LabPM-1\LabPM\Test.cc(612,51): warning C4267: 'argument': conversion from 'size_t' to 'int', possible loss of data
C:\Users\kosty\OneDrive\Документы\GitHub\LabPM-1\LabPM\Test.cc(619,52): warning C4267: 'argument': conversion from 'size_t' to 'int', possible loss of data
C:\Users\kosty\OneDrive\Документы\GitHub\LabPM-1\LabPM\Test.cc(627,53): warning C4267: 'initializing': conversion from 'size_t' to 'int', possible loss of data
C:\Users\kosty\OneDrive\Документы\GitHub\LabPM-1\LabPM\Test.cc(631,13): warning C4834: discarding return value of function with 'nodiscard' attribute
C:\Users\kosty\OneDrive\Документы\GitHub\LabPM-1\LabPM\Test.cc(633,52): warning C4267: 'argument': conversion from 'size_t' to 'int', possible loss of data
C:\Users\kosty\OneDrive\Документы\GitHub\LabPM-1\LabPM\Test.cc(637,13): warning C4834: discarding return value of function with 'nodiscard' attribute
C:\Users\kosty\OneDrive\Документы\GitHub\LabPM-1\LabPM\Test.cc(639,51): warning C4267: 'argument': conversion from 'size_t' to 'int', possible loss of data
C:\Users\kosty\OneDrive\Документы\GitHub\LabPM-1\LabPM\Test.cc(643,13): warning C4834: discarding return value of function with 'nodiscard' attribute
C:\Users\kosty\OneDrive\Документы\GitHub\LabPM-1\LabPM\Test.cc(645,52): warning C4267: 'argument': conversion from 'size_t' to 'int', possible loss of data
C:\Users\kosty\OneDrive\Документы\GitHub\LabPM-1\LabPM\Test.cc(655,51): warning C4267: 'argument': conversion from 'size_t' to 'int', possible loss of data
C:\Users\kosty\OneDrive\Документы\GitHub\LabPM-1\LabPM\Test.cc(659,50): warning C4267: 'argument': conversion from 'size_t' to 'int', possible loss of data
C:\Users\kosty\OneDrive\Документы\GitHub\LabPM-1\LabPM\Test.cc(663,51): warning C4267: 'argument': conversion from 'size_t' to 'int', possible loss of data
C:\Users\kosty\OneDrive\Документы\GitHub\LabPM-1\LabPM\Test.cc(670,35): warning C4267: 'initializing': conversion from 'size_t' to 'int', possible loss of data
C:\Users\kosty\OneDrive\Документы\GitHub\LabPM-1\LabPM\Test.cc(670,35): warning C4267: 'initializing': conversion from 'size_t' to 'const int', possible loss of data
C:\Users\kosty\OneDrive\Документы\GitHub\LabPM-1\LabPM\Test.cc(695,35): warning C4267: 'initializing': conversion from 'size_t' to 'int', possible loss of data
C:\Users\kosty\OneDrive\Документы\GitHub\LabPM-1\LabPM\Test.cc(695,35): warning C4267: 'initializing': conversion from 'size_t' to 'const int', possible loss of data
C:\Users\kosty\OneDrive\Документы\GitHub\LabPM-1\LabPM\Test.cc(730,52): warning C4267: 'argument': conversion from 'size_t' to 'int', possible loss of data
C:\Users\kosty\OneDrive\Документы\GitHub\LabPM-1\LabPM\Test.cc(741,60): warning C4267: 'argument': conversion from 'size_t' to 'int', possible loss of data
C:\Users\kosty\OneDrive\Документы\GitHub\LabPM-1\LabPM\Test.cc(748,51): warning C4267: 'argument': conversion from 'size_t' to 'int', possible loss of data
C:\Users\kosty\OneDrive\Документы\GitHub\LabPM-1\LabPM\Test.cc(755,52): warning C4267: 'argument': conversion from 'size_t' to 'int', possible loss of data
C:\Users\kosty\OneDrive\Документы\GitHub\LabPM-1\LabPM\Test.cc(768,52): warning C4267: 'argument': conversion from 'size_t' to 'int', possible loss of data
C:\Users\kosty\OneDrive\Документы\GitHub\LabPM-1\LabPM\Test.cc(775,60): warning C4267: 'argument': conversion from 'size_t' to 'int', possible loss of data
C:\Users\kosty\OneDrive\Документы\GitHub\LabPM-1\LabPM\Test.cc(782,51): warning C4267: 'argument': conversion from 'size_t' to 'int', possible loss of data
C:\Users\kosty\OneDrive\Документы\GitHub\LabPM-1\LabPM\Test.cc(789,52): warning C4267: 'argument': conversion from 'size_t' to 'int', possible loss of data
  TimeLogger.cc
  Generating Code...
  LabPM.vcxproj -> C:\Users\kosty\OneDrive\Документы\GitHub\LabPM-1\x64\Debug\LabPM.exe
